d:\web.view2\webview2\webview2\release\webview2.pch
d:\web.view2\webview2\webview2\release\vc143.pdb
d:\web.view2\webview2\webview2\release\pch.obj
d:\web.view2\webview2\webview2\release\webview2.obj
d:\web.view2\webview2\webview2\release\json_writer.obj
d:\web.view2\webview2\webview2\release\json_value.obj
d:\web.view2\webview2\webview2\release\json_reader.obj
d:\web.view2\webview2\webview2\release\dllmain.obj
d:\web.view2\webview2\release\webview2.dll
d:\web.view2\webview2\webview2\release\webview2.ipdb
d:\web.view2\webview2\webview2\release\webview2.iobj
d:\web.view2\webview2\release\webview2.pdb
d:\web.view2\webview2\release\webview2.lib
d:\web.view2\webview2\release\webview2.exp
d:\web.view2\webview2\webview2\release\webview2.tlog\cl.command.1.tlog
d:\web.view2\webview2\webview2\release\webview2.tlog\cl.read.1.tlog
d:\web.view2\webview2\webview2\release\webview2.tlog\cl.write.1.tlog
d:\web.view2\webview2\webview2\release\webview2.tlog\link.command.1.tlog
d:\web.view2\webview2\webview2\release\webview2.tlog\link.read.1.tlog
d:\web.view2\webview2\webview2\release\webview2.tlog\link.write.1.tlog
d:\web.view2\webview2\webview2\release\webview2.tlog\link.write.2u.tlog
